<?xml version="1.0" encoding="UTF-8"?>
<!-- Generated by org.testng.reporters.JUnitReportReporter -->
<testsuite hostname="DESKTOP-F486645" failures="0" tests="3" name="DependencyTest.smoketesting" time="0.031" errors="0" timestamp="2024-07-30T11:54:56 IST" skipped="0">
  <testcase classname="DependencyTest.smoketesting" name="creatuser" time="0.026"/>
  <system-out>
    <![CDATA[creatuser]]>
  </system-out>
  <testcase classname="DependencyTest.smoketesting" name="edituser" time="0.003"/>
  <system-out>
    <![CDATA[edituser]]>
  </system-out>
  <testcase classname="DependencyTest.smoketesting" name="deletuser" time="0.002"/>
  <system-out>
    <![CDATA[deletuser]]>
  </system-out>
</testsuite> <!-- DependencyTest.smoketesting -->
