<?xml version="1.0" encoding="UTF-8"?>
<!-- Generated by org.testng.reporters.JUnitReportReporter -->
<testsuite hostname="DESKTOP-F486645" failures="0" tests="1" name="Asserctions.Asserctionint" time="0.018" errors="0" timestamp="2024-07-11T19:05:12 IST" skipped="0">
  <testcase classname="Asserctions.Asserctionint" name="asetint" time="0.018"/>
  <system-out/>
</testsuite> <!-- Asserctions.Asserctionint -->
