<?xml version="1.0" encoding="UTF-8"?>
<!-- Generated by org.testng.reporters.JUnitReportReporter -->
<testsuite hostname="DESKTOP-F486645" failures="0" tests="9" name="FactoryAnnotaion.demo" time="0.019" errors="0" timestamp="2024-07-19T11:31:50 IST" skipped="0">
  <testcase classname="FactoryAnnotaion.demo" name="test3" time="0.001"/>
  <system-out/>
  <testcase classname="FactoryAnnotaion.demo" name="test1" time="0.001"/>
  <system-out/>
  <testcase classname="FactoryAnnotaion.demo" name="test3" time="0.001"/>
  <system-out/>
  <testcase classname="FactoryAnnotaion.demo" name="test1" time="0.012"/>
  <system-out/>
  <testcase classname="FactoryAnnotaion.demo" name="test2" time="0.001"/>
  <system-out/>
  <testcase classname="FactoryAnnotaion.demo" name="test2" time="0.001"/>
  <system-out/>
  <testcase classname="FactoryAnnotaion.demo" name="test1" time="0.001"/>
  <system-out/>
  <testcase classname="FactoryAnnotaion.demo" name="test3" time="0.000"/>
  <system-out/>
  <testcase classname="FactoryAnnotaion.demo" name="test2" time="0.001"/>
  <system-out/>
</testsuite> <!-- FactoryAnnotaion.demo -->
