<?xml version="1.0" encoding="UTF-8"?>
<!-- Generated by org.testng.reporters.JUnitReportReporter -->
<testsuite hostname="DESKTOP-F486645" failures="0" tests="2" name="ParameterizeTestCase.LunchMultipuleBrowser" time="21.078" errors="0" timestamp="2024-07-17T18:47:45 IST" skipped="0">
  <testcase classname="ParameterizeTestCase.LunchMultipuleBrowser" name="loginmultiplebrowser" time="9.318"/>
  <system-out/>
  <testcase classname="ParameterizeTestCase.LunchMultipuleBrowser" name="loginmultiplebrowser" time="11.760"/>
  <system-out/>
</testsuite> <!-- ParameterizeTestCase.LunchMultipuleBrowser -->
