<?xml version="1.0" encoding="UTF-8"?>
<!-- Generated by org.testng.reporters.JUnitReportReporter -->
<testsuite hostname="DESKTOP-F486645" failures="0" tests="1" name="PageObjectModel.RegestrationTest" time="12.659" errors="0" timestamp="2024-05-28T12:47:37 IST" skipped="0">
  <testcase classname="PageObjectModel.RegestrationTest" name="verification" time="12.659"/>
  <system-out/>
</testsuite> <!-- PageObjectModel.RegestrationTest -->
