<?xml version="1.0" encoding="UTF-8"?>
<!-- Generated by org.testng.reporters.JUnitReportReporter -->
<testsuite hostname="DESKTOP-F486645" failures="0" tests="6" name="GroupingTestCase.GroupTest" time="0.030" errors="0" timestamp="2024-07-11T19:09:25 IST" skipped="0">
  <testcase classname="GroupingTestCase.GroupTest" name="test4" time="0.001"/>
  <system-out/>
  <testcase classname="GroupingTestCase.GroupTest" name="test6" time="0.003"/>
  <system-out/>
  <testcase classname="GroupingTestCase.GroupTest" name="test5" time="0.002"/>
  <system-out/>
  <testcase classname="GroupingTestCase.GroupTest" name="test2" time="0.002"/>
  <system-out/>
  <testcase classname="GroupingTestCase.GroupTest" name="test1" time="0.020"/>
  <system-out/>
  <testcase classname="GroupingTestCase.GroupTest" name="test3" time="0.002"/>
  <system-out/>
</testsuite> <!-- GroupingTestCase.GroupTest -->
