<?xml version="1.0" encoding="UTF-8"?>
<!-- Generated by org.testng.reporters.JUnitReportReporter -->
<testsuite hostname="DESKTOP-F486645" failures="0" tests="3" name="GroupingTestCase.GroupTest" time="0.014" errors="0" timestamp="2024-06-05T15:16:28 IST" skipped="0">
  <testcase classname="GroupingTestCase.GroupTest" name="test3" time="0.001"/>
  <system-out/>
  <testcase classname="GroupingTestCase.GroupTest" name="test5" time="0.001"/>
  <system-out/>
  <testcase classname="GroupingTestCase.GroupTest" name="test1" time="0.012"/>
  <system-out/>
</testsuite> <!-- GroupingTestCase.GroupTest -->
