<?xml version="1.0" encoding="UTF-8"?>
<!-- Generated by org.testng.reporters.JUnitReportReporter -->
<testsuite hostname="DESKTOP-F486645" failures="0" tests="10" name="InvocationCountTestCase.CountTestCase" time="0.032" errors="0" timestamp="2024-07-11T19:09:59 IST" skipped="0">
  <testcase classname="InvocationCountTestCase.CountTestCase" name="test" time="0.001"/>
  <system-out/>
  <testcase classname="InvocationCountTestCase.CountTestCase" name="test" time="0.001"/>
  <system-out/>
  <testcase classname="InvocationCountTestCase.CountTestCase" name="test" time="0.001"/>
  <system-out/>
  <testcase classname="InvocationCountTestCase.CountTestCase" name="test" time="0.002"/>
  <system-out/>
  <testcase classname="InvocationCountTestCase.CountTestCase" name="test" time="0.002"/>
  <system-out/>
  <testcase classname="InvocationCountTestCase.CountTestCase" name="test" time="0.002"/>
  <system-out/>
  <testcase classname="InvocationCountTestCase.CountTestCase" name="test" time="0.017"/>
  <system-out/>
  <testcase classname="InvocationCountTestCase.CountTestCase" name="test" time="0.002"/>
  <system-out/>
  <testcase classname="InvocationCountTestCase.CountTestCase" name="test" time="0.002"/>
  <system-out/>
  <testcase classname="InvocationCountTestCase.CountTestCase" name="test" time="0.002"/>
  <system-out/>
</testsuite> <!-- InvocationCountTestCase.CountTestCase -->
