<?xml version="1.0" encoding="UTF-8"?>
<!-- Generated by org.testng.reporters.JUnitReportReporter -->
<testsuite hostname="DESKTOP-F486645" failures="0" tests="4" name="EnableandDisableTestCase.EnableTestCase" time="0.018" errors="0" timestamp="2024-05-22T15:51:01 IST" skipped="1">
  <testcase classname="EnableandDisableTestCase.EnableTestCase" name="test1" time="0.015"/>
  <system-out/>
  <testcase classname="EnableandDisableTestCase.EnableTestCase" name="test2" time="0.001"/>
  <system-out/>
  <testcase classname="EnableandDisableTestCase.EnableTestCase" name="test4" time="0.002"/>
  <system-out/>
  <testcase classname="EnableandDisableTestCase.EnableTestCase" name="test3">
    <skipped/>
  </testcase> <!-- test3 -->
  <system-out/>
</testsuite> <!-- EnableandDisableTestCase.EnableTestCase -->
