<?xml version="1.0" encoding="UTF-8"?>
<!-- Generated by org.testng.reporters.JUnitReportReporter -->
<testsuite hostname="DESKTOP-F486645" failures="0" tests="10" name="InvocationCountTestCase.multipluetimetest" time="0.038" errors="0" timestamp="2024-05-22T15:38:29 IST" skipped="0">
  <testcase classname="InvocationCountTestCase.multipluetimetest" name="username" time="0.002"/>
  <system-out/>
  <testcase classname="InvocationCountTestCase.multipluetimetest" name="username" time="0.003"/>
  <system-out/>
  <testcase classname="InvocationCountTestCase.multipluetimetest" name="username" time="0.003"/>
  <system-out/>
  <testcase classname="InvocationCountTestCase.multipluetimetest" name="username" time="0.020"/>
  <system-out/>
  <testcase classname="InvocationCountTestCase.multipluetimetest" name="username" time="0.002"/>
  <system-out/>
  <testcase classname="InvocationCountTestCase.multipluetimetest" name="password" time="0.001"/>
  <system-out/>
  <testcase classname="InvocationCountTestCase.multipluetimetest" name="password" time="0.002"/>
  <system-out/>
  <testcase classname="InvocationCountTestCase.multipluetimetest" name="password" time="0.001"/>
  <system-out/>
  <testcase classname="InvocationCountTestCase.multipluetimetest" name="login" time="0.001"/>
  <system-out/>
  <testcase classname="InvocationCountTestCase.multipluetimetest" name="login" time="0.003"/>
  <system-out/>
</testsuite> <!-- InvocationCountTestCase.multipluetimetest -->
