<?xml version="1.0" encoding="UTF-8"?>
<!-- Generated by org.testng.reporters.JUnitReportReporter -->
<testsuite hostname="DESKTOP-F486645" failures="0" tests="2" name="DataProviderTest.DataProviderProgram" time="0.013" errors="0" timestamp="2024-05-22T17:32:13 IST" skipped="0">
  <testcase classname="DataProviderTest.DataProviderProgram" name="login" time="0.000"/>
  <system-out/>
  <testcase classname="DataProviderTest.DataProviderProgram" name="login" time="0.013"/>
  <system-out/>
</testsuite> <!-- DataProviderTest.DataProviderProgram -->
