<?xml version="1.0" encoding="UTF-8"?>
<!-- Generated by org.testng.reporters.JUnitReportReporter -->
<testsuite hostname="DESKTOP-F486645" failures="0" tests="2" name="DataProviderTest.DataProviderProgram" time="0.024" errors="0" timestamp="2024-07-18T18:54:13 IST" skipped="0">
  <testcase classname="DataProviderTest.DataProviderProgram" name="login" time="0.003"/>
  <system-out/>
  <testcase classname="DataProviderTest.DataProviderProgram" name="login" time="0.021"/>
  <system-out/>
</testsuite> <!-- DataProviderTest.DataProviderProgram -->
