<?xml version="1.0" encoding="UTF-8"?>
<!-- Generated by org.testng.reporters.JUnitReportReporter -->
<testsuite hostname="DESKTOP-F486645" failures="0" tests="2" name="TestNGbasicpractice.SimpleProgram" time="0.041" errors="0" timestamp="2024-05-22T11:10:40 IST" skipped="0">
  <testcase classname="TestNGbasicpractice.SimpleProgram" name="gettittle" time="0.035"/>
  <system-out/>
  <testcase classname="TestNGbasicpractice.SimpleProgram" name="geturl" time="0.006"/>
  <system-out/>
</testsuite> <!-- TestNGbasicpractice.SimpleProgram -->
