<?xml version="1.0" encoding="UTF-8"?>
<!-- Generated by org.testng.reporters.JUnitReportReporter -->
<testsuite hostname="DESKTOP-F486645" failures="0" tests="4" name="PriorityTestCases.TestPriority" time="0.024" errors="0" timestamp="2024-05-22T16:04:19 IST" skipped="0">
  <testcase classname="PriorityTestCases.TestPriority" name="test1" time="0.018"/>
  <system-out/>
  <testcase classname="PriorityTestCases.TestPriority" name="test4" time="0.002"/>
  <system-out/>
  <testcase classname="PriorityTestCases.TestPriority" name="test3" time="0.002"/>
  <system-out/>
  <testcase classname="PriorityTestCases.TestPriority" name="test2" time="0.002"/>
  <system-out/>
</testsuite> <!-- PriorityTestCases.TestPriority -->
