<?xml version="1.0" encoding="UTF-8"?>
<!-- Generated by org.testng.reporters.JUnitReportReporter -->
<testsuite hostname="DESKTOP-F486645" failures="0" tests="2" name="ParameterizeTestCase.UsingmultiBrowser" time="26.416" errors="0" timestamp="2024-07-04T19:32:30 IST" skipped="0">
  <testcase classname="ParameterizeTestCase.UsingmultiBrowser" name="multibrowser" time="12.697"/>
  <system-out/>
  <testcase classname="ParameterizeTestCase.UsingmultiBrowser" name="multibrowser" time="13.719"/>
  <system-out/>
</testsuite> <!-- ParameterizeTestCase.UsingmultiBrowser -->
