<?xml version="1.0" encoding="UTF-8"?>
<!-- Generated by org.testng.reporters.JUnitReportReporter -->
<testsuite hostname="DESKTOP-F486645" failures="0" tests="4" name="PriorityTestCases.TestPriority" time="0.028" errors="0" timestamp="2024-06-21T16:27:24 IST" skipped="0">
  <testcase classname="PriorityTestCases.TestPriority" name="test1" time="0.021"/>
  <system-out/>
  <testcase classname="PriorityTestCases.TestPriority" name="test2" time="0.003"/>
  <system-out/>
  <testcase classname="PriorityTestCases.TestPriority" name="test3" time="0.001"/>
  <system-out/>
  <testcase classname="PriorityTestCases.TestPriority" name="test4" time="0.003"/>
  <system-out/>
</testsuite> <!-- PriorityTestCases.TestPriority -->
