<?xml version="1.0" encoding="UTF-8"?>
<!-- Generated by org.testng.reporters.JUnitReportReporter -->
<testsuite hostname="DESKTOP-F486645" failures="0" tests="4" name="FactoryAnnotaion.simple" time="0.003" errors="0" timestamp="2024-07-19T11:31:50 IST" skipped="0">
  <testcase classname="FactoryAnnotaion.simple" name="testfactory" time="0.001"/>
  <system-out/>
  <testcase classname="FactoryAnnotaion.simple" name="testfactory" time="0.000"/>
  <system-out/>
  <testcase classname="FactoryAnnotaion.simple" name="testfactory" time="0.001"/>
  <system-out/>
  <testcase classname="FactoryAnnotaion.simple" name="testfactory" time="0.001"/>
  <system-out/>
</testsuite> <!-- FactoryAnnotaion.simple -->
