<?xml version="1.0" encoding="UTF-8"?>
<!-- Generated by org.testng.reporters.JUnitReportReporter -->
<testsuite hostname="DESKTOP-F486645" failures="0" tests="2" name="TestNGbasicpractice.SimpleProgram" time="0.029" errors="0" timestamp="2024-07-11T19:13:15 IST" skipped="0">
  <testcase classname="TestNGbasicpractice.SimpleProgram" name="gettittle" time="0.025"/>
  <system-out/>
  <testcase classname="TestNGbasicpractice.SimpleProgram" name="geturl" time="0.004"/>
  <system-out/>
</testsuite> <!-- TestNGbasicpractice.SimpleProgram -->
