<?xml version="1.0" encoding="UTF-8"?>
<!-- Generated by org.testng.reporters.JUnitReportReporter -->
<testsuite hostname="DESKTOP-F486645" failures="0" tests="1" name="program.asert" time="4.284" errors="0" timestamp="2024-05-15T16:01:06 IST" skipped="0">
  <testcase classname="program.asert" name="as" time="4.284"/>
  <system-out/>
</testsuite> <!-- program.asert -->
