<?xml version="1.0" encoding="UTF-8"?>
<!-- Generated by org.testng.reporters.JUnitReportReporter -->
<testsuite hostname="DESKTOP-F486645" failures="0" tests="2" name="Asserctions.Soft_Assert" time="11.500" errors="0" timestamp="2024-07-23T18:27:38 IST" skipped="0">
  <testcase classname="Asserctions.Soft_Assert" name="softassert_print" time="0.000"/>
  <system-out/>
  <testcase classname="Asserctions.Soft_Assert" name="soft_assert" time="11.500"/>
  <system-out/>
</testsuite> <!-- Asserctions.Soft_Assert -->
