<?xml version="1.0" encoding="UTF-8"?>
<!-- Generated by org.testng.reporters.JUnitReportReporter -->
<testsuite hostname="DESKTOP-F486645" failures="0" tests="3" name="GroupingTestCase.GroupTest" time="0.038" errors="0" timestamp="2024-05-28T15:44:01 IST" skipped="0">
  <testcase classname="GroupingTestCase.GroupTest" name="test1" time="0.033"/>
  <system-out/>
  <testcase classname="GroupingTestCase.GroupTest" name="test5" time="0.002"/>
  <system-out/>
  <testcase classname="GroupingTestCase.GroupTest" name="test3" time="0.003"/>
  <system-out/>
</testsuite> <!-- GroupingTestCase.GroupTest -->
