<?xml version="1.0" encoding="UTF-8"?>
<!-- Generated by org.testng.reporters.JUnitReportReporter -->
<testsuite hostname="DESKTOP-F486645" failures="0" tests="3" name="TestNGbasicpractice.TestFacebookchrome" time="28.738" errors="0" timestamp="2024-07-11T19:13:59 IST" skipped="0">
  <testcase classname="TestNGbasicpractice.TestFacebookchrome" name="enterinputs" time="11.247"/>
  <system-out/>
  <testcase classname="TestNGbasicpractice.TestFacebookchrome" name="GetTitle" time="8.403"/>
  <system-out/>
  <testcase classname="TestNGbasicpractice.TestFacebookchrome" name="verifytestboxs" time="9.088"/>
  <system-out/>
</testsuite> <!-- TestNGbasicpractice.TestFacebookchrome -->
