<?xml version="1.0" encoding="UTF-8"?>
<!-- Generated by org.testng.reporters.JUnitReportReporter -->
<testsuite hostname="DESKTOP-F486645" failures="0" tests="2" name="ParameterizeTestCase.LunchMultipuleBrowser" time="42.188" errors="0" timestamp="2024-05-22T17:12:43 IST" skipped="0">
  <testcase classname="ParameterizeTestCase.LunchMultipuleBrowser" name="loginmultiplebrowser" time="23.804"/>
  <system-out/>
  <testcase classname="ParameterizeTestCase.LunchMultipuleBrowser" name="loginmultiplebrowser" time="18.384"/>
  <system-out/>
</testsuite> <!-- ParameterizeTestCase.LunchMultipuleBrowser -->
