<?xml version="1.0" encoding="UTF-8"?>
<!-- Generated by org.testng.reporters.JUnitReportReporter -->
<testsuite hostname="DESKTOP-F486645" failures="0" tests="3" name="TestNGbasicpractice.TestFacebook" time="6.412" errors="0" timestamp="2024-05-22T11:29:11 IST" skipped="0">
  <testcase classname="TestNGbasicpractice.TestFacebook" name="enterinputs" time="1.878"/>
  <system-out/>
  <testcase classname="TestNGbasicpractice.TestFacebook" name="GetTitle" time="1.819"/>
  <system-out/>
  <testcase classname="TestNGbasicpractice.TestFacebook" name="verifytestboxs" time="2.715"/>
  <system-out/>
</testsuite> <!-- TestNGbasicpractice.TestFacebook -->
