<?xml version="1.0" encoding="UTF-8"?>
<!-- Generated by org.testng.reporters.JUnitReportReporter -->
<testsuite hostname="DESKTOP-F486645" failures="0" tests="1" name="PageObjectModel.RegestrationTest" time="15.587" errors="0" timestamp="2024-07-11T19:11:29 IST" skipped="0">
  <testcase classname="PageObjectModel.RegestrationTest" name="verification" time="15.587"/>
  <system-out/>
</testsuite> <!-- PageObjectModel.RegestrationTest -->
