<?xml version="1.0" encoding="UTF-8"?>
<!-- Generated by org.testng.reporters.JUnitReportReporter -->
<testsuite hostname="DESKTOP-F486645" failures="0" tests="7" name="PriorityTestCases.TestCasePrioriyt" time="22.127" errors="0" timestamp="2024-05-22T15:06:49 IST" skipped="0">
  <testcase classname="PriorityTestCases.TestCasePrioriyt" name="getTitle" time="3.017"/>
  <system-out/>
  <testcase classname="PriorityTestCases.TestCasePrioriyt" name="getUrl" time="2.899"/>
  <system-out/>
  <testcase classname="PriorityTestCases.TestCasePrioriyt" name="getusername" time="3.204"/>
  <system-out/>
  <testcase classname="PriorityTestCases.TestCasePrioriyt" name="getpassword" time="3.561"/>
  <system-out/>
  <testcase classname="PriorityTestCases.TestCasePrioriyt" name="test5" time="2.804"/>
  <system-out/>
  <testcase classname="PriorityTestCases.TestCasePrioriyt" name="test6" time="3.879"/>
  <system-out/>
  <testcase classname="PriorityTestCases.TestCasePrioriyt" name="test7" time="2.763"/>
  <system-out/>
</testsuite> <!-- PriorityTestCases.TestCasePrioriyt -->
