<?xml version="1.0" encoding="UTF-8"?>
<!-- Generated by org.testng.reporters.JUnitReportReporter -->
<testsuite hostname="DESKTOP-F486645" failures="0" tests="1" name="Asserctions.Assertionboolean" time="9.422" errors="0" timestamp="2024-05-20T12:41:15 IST" skipped="0">
  <testcase classname="Asserctions.Assertionboolean" name="as" time="9.422"/>
  <system-out/>
</testsuite> <!-- Asserctions.Assertionboolean -->
