<?xml version="1.0" encoding="UTF-8"?>
<!-- Generated by org.testng.reporters.JUnitReportReporter -->
<testsuite hostname="DESKTOP-F486645" failures="0" tests="2" name="TestNGbasicpractice.crosstesting" time="66.268" errors="0" timestamp="2024-07-30T12:12:31 IST" skipped="0">
  <testcase classname="TestNGbasicpractice.crosstesting" name="multipule" time="32.386"/>
  <system-out/>
  <testcase classname="TestNGbasicpractice.crosstesting" name="multipule" time="33.882"/>
  <system-out/>
</testsuite> <!-- TestNGbasicpractice.crosstesting -->
