<?xml version="1.0" encoding="UTF-8"?>
<!-- Generated by org.testng.reporters.JUnitReportReporter -->
<testsuite hostname="DESKTOP-F486645" failures="0" tests="1" name="program.simple" time="0.021" errors="0" timestamp="2024-05-15T15:56:47 IST" skipped="0">
  <testcase classname="program.simple" name="test1" time="0.021"/>
  <system-out/>
</testsuite> <!-- program.simple -->
